Fontconfig warning: Directory/file mtime in the future. New fonts may not be detected.
Fontconfig warning: Directory/file mtime in the future. New fonts may not be detected.
ERROR 2019-05-23 00:45:41 unity.settings UnitySettings.cpp:404 Invalid monitor index: -1. Returning index 0 monitor instead.
Fontconfig warning: Directory/file mtime in the future. New fonts may not be detected.
Fontconfig warning: Directory/file mtime in the future. New fonts may not be detected.
Fontconfig warning: Directory/file mtime in the future. New fonts may not be detected.
Fontconfig warning: Directory/file mtime in the future. New fonts may not be detected.
Fontconfig warning: Directory/file mtime in the future. New fonts may not be detected.
Fontconfig warning: Directory/file mtime in the future. New fonts may not be detected.
Fontconfig warning: Directory/file mtime in the future. New fonts may not be detected.
Fontconfig warning: Directory/file mtime in the future. New fonts may not be detected.
Fontconfig warning: Directory/file mtime in the future. New fonts may not be detected.
Fontconfig warning: Directory/file mtime in the future. New fonts may not be detected.
Fontconfig warning: Directory/file mtime in the future. New fonts may not be detected.
Fontconfig warning: Directory/file mtime in the future. New fonts may not be detected.
Fontconfig warning: Directory/file mtime in the future. New fonts may not be detected.
Fontconfig warning: Directory/file mtime in the future. New fonts may not be detected.
Fontconfig warning: Directory/file mtime in the future. New fonts may not be detected.
Fontconfig warning: Directory/file mtime in the future. New fonts may not be detected.
Fontconfig warning: Directory/file mtime in the future. New fonts may not be detected.
Fontconfig warning: Directory/file mtime in the future. New fonts may not be detected.
Fontconfig warning: Directory/file mtime in the future. New fonts may not be detected.
Fontconfig warning: Directory/file mtime in the future. New fonts may not be detected.
Fontconfig warning: Directory/file mtime in the future. New fonts may not be detected.
Fontconfig warning: Directory/file mtime in the future. New fonts may not be detected.
Fontconfig warning: Directory/file mtime in the future. New fonts may not be detected.
Fontconfig warning: Directory/file mtime in the future. New fonts may not be detected.
Fontconfig warning: Directory/file mtime in the future. New fonts may not be detected.
Fontconfig warning: Directory/file mtime in the future. New fonts may not be detected.
Fontconfig warning: Directory/file mtime in the future. New fonts may not be detected.
Fontconfig warning: Directory/file mtime in the future. New fonts may not be detected.
Fontconfig warning: Directory/file mtime in the future. New fonts may not be detected.
Fontconfig warning: Directory/file mtime in the future. New fonts may not be detected.
ERROR 2019-05-23 01:01:28 nux.gestures_subscription GesturesSubscription.cpp:93 Failed to deactivate Geis subscription.
ERROR 2019-05-23 01:01:28 nux.gestures_subscription GesturesSubscription.cpp:93 Failed to deactivate Geis subscription.
ERROR 2019-05-23 01:01:28 nux.gestures_subscription GesturesSubscription.cpp:93 Failed to deactivate Geis subscription.
Fontconfig warning: Directory/file mtime in the future. New fonts may not be detected.
Fontconfig warning: Directory/file mtime in the future. New fonts may not be detected.
Fontconfig warning: Directory/file mtime in the future. New fonts may not be detected.
Fontconfig warning: Directory/file mtime in the future. New fonts may not be detected.
Fontconfig warning: Directory/file mtime in the future. New fonts may not be detected.
Fontconfig warning: Directory/file mtime in the future. New fonts may not be detected.
Fontconfig warning: Directory/file mtime in the future. New fonts may not be detected.
Fontconfig warning: Directory/file mtime in the future. New fonts may not be detected.
Fontconfig warning: Directory/file mtime in the future. New fonts may not be detected.
Fontconfig warning: Directory/file mtime in the future. New fonts may not be detected.
Fontconfig warning: Directory/file mtime in the future. New fonts may not be detected.
Fontconfig warning: Directory/file mtime in the future. New fonts may not be detected.
Fontconfig warning: Directory/file mtime in the future. New fonts may not be detected.
Fontconfig warning: Directory/file mtime in the future. New fonts may not be detected.
Fontconfig warning: Directory/file mtime in the future. New fonts may not be detected.
Fontconfig warning: Directory/file mtime in the future. New fonts may not be detected.
Fontconfig warning: Directory/file mtime in the future. New fonts may not be detected.
Fontconfig warning: Directory/file mtime in the future. New fonts may not be detected.
Fontconfig warning: Directory/file mtime in the future. New fonts may not be detected.
Fontconfig warning: Directory/file mtime in the future. New fonts may not be detected.
Fontconfig warning: Directory/file mtime in the future. New fonts may not be detected.
Fontconfig warning: Directory/file mtime in the future. New fonts may not be detected.
Fontconfig warning: Directory/file mtime in the future. New fonts may not be detected.
Fontconfig warning: Directory/file mtime in the future. New fonts may not be detected.
Fontconfig warning: Directory/file mtime in the future. New fonts may not be detected.
Fontconfig warning: Directory/file mtime in the future. New fonts may not be detected.
Fontconfig warning: Directory/file mtime in the future. New fonts may not be detected.
Fontconfig warning: Directory/file mtime in the future. New fonts may not be detected.
Fontconfig warning: Directory/file mtime in the future. New fonts may not be detected.
Fontconfig warning: Directory/file mtime in the future. New fonts may not be detected.
Fontconfig warning: Directory/file mtime in the future. New fonts may not be detected.
Fontconfig warning: Directory/file mtime in the future. New fonts may not be detected.
Fontconfig warning: Directory/file mtime in the future. New fonts may not be detected.
Fontconfig warning: Directory/file mtime in the future. New fonts may not be detected.
Fontconfig warning: Directory/file mtime in the future. New fonts may not be detected.
Fontconfig warning: Directory/file mtime in the future. New fonts may not be detected.
Fontconfig warning: Directory/file mtime in the future. New fonts may not be detected.
Fontconfig warning: Directory/file mtime in the future. New fonts may not be detected.
Fontconfig warning: Directory/file mtime in the future. New fonts may not be detected.
Fontconfig warning: Directory/file mtime in the future. New fonts may not be detected.
Fontconfig warning: Directory/file mtime in the future. New fonts may not be detected.
Fontconfig warning: Directory/file mtime in the future. New fonts may not be detected.
Fontconfig warning: Directory/file mtime in the future. New fonts may not be detected.
Fontconfig warning: Directory/file mtime in the future. New fonts may not be detected.
Fontconfig warning: Directory/file mtime in the future. New fonts may not be detected.
Fontconfig warning: Directory/file mtime in the future. New fonts may not be detected.
Fontconfig warning: Directory/file mtime in the future. New fonts may not be detected.
Fontconfig warning: Directory/file mtime in the future. New fonts may not be detected.
Fontconfig warning: Directory/file mtime in the future. New fonts may not be detected.
Fontconfig warning: Directory/file mtime in the future. New fonts may not be detected.
Fontconfig warning: Directory/file mtime in the future. New fonts may not be detected.
Fontconfig warning: Directory/file mtime in the future. New fonts may not be detected.
Fontconfig warning: Directory/file mtime in the future. New fonts may not be detected.
Fontconfig warning: Directory/file mtime in the future. New fonts may not be detected.
Fontconfig warning: Directory/file mtime in the future. New fonts may not be detected.
Fontconfig warning: Directory/file mtime in the future. New fonts may not be detected.
Fontconfig warning: Directory/file mtime in the future. New fonts may not be detected.
Fontconfig warning: Directory/file mtime in the future. New fonts may not be detected.
Fontconfig warning: Directory/file mtime in the future. New fonts may not be detected.
Fontconfig warning: Directory/file mtime in the future. New fonts may not be detected.
Fontconfig warning: Directory/file mtime in the future. New fonts may not be detected.
Fontconfig warning: Directory/file mtime in the future. New fonts may not be detected.
Fontconfig warning: Directory/file mtime in the future. New fonts may not be detected.
Fontconfig warning: Directory/file mtime in the future. New fonts may not be detected.
Fontconfig warning: Directory/file mtime in the future. New fonts may not be detected.
Fontconfig warning: Directory/file mtime in the future. New fonts may not be detected.
Fontconfig warning: Directory/file mtime in the future. New fonts may not be detected.
Fontconfig warning: Directory/file mtime in the future. New fonts may not be detected.
Fontconfig warning: Directory/file mtime in the future. New fonts may not be detected.
Fontconfig warning: Directory/file mtime in the future. New fonts may not be detected.
Fontconfig warning: Directory/file mtime in the future. New fonts may not be detected.
Fontconfig warning: Directory/file mtime in the future. New fonts may not be detected.
Fontconfig warning: Directory/file mtime in the future. New fonts may not be detected.
Fontconfig warning: Directory/file mtime in the future. New fonts may not be detected.
Fontconfig warning: Directory/file mtime in the future. New fonts may not be detected.
Fontconfig warning: Directory/file mtime in the future. New fonts may not be detected.
Fontconfig warning: Directory/file mtime in the future. New fonts may not be detected.
Fontconfig warning: Directory/file mtime in the future. New fonts may not be detected.
Fontconfig warning: Directory/file mtime in the future. New fonts may not be detected.
Fontconfig warning: Directory/file mtime in the future. New fonts may not be detected.
ERROR 2019-05-23 01:42:52 unity.settings UnitySettings.cpp:404 Invalid monitor index: -1. Returning index 0 monitor instead.
Fontconfig warning: Directory/file mtime in the future. New fonts may not be detected.
Fontconfig warning: Directory/file mtime in the future. New fonts may not be detected.
Fontconfig warning: Directory/file mtime in the future. New fonts may not be detected.
Fontconfig warning: Directory/file mtime in the future. New fonts may not be detected.
Fontconfig warning: Directory/file mtime in the future. New fonts may not be detected.
Fontconfig warning: Directory/file mtime in the future. New fonts may not be detected.
Fontconfig warning: Directory/file mtime in the future. New fonts may not be detected.
Fontconfig warning: Directory/file mtime in the future. New fonts may not be detected.
Fontconfig warning: Directory/file mtime in the future. New fonts may not be detected.
Fontconfig warning: Directory/file mtime in the future. New fonts may not be detected.
Fontconfig warning: Directory/file mtime in the future. New fonts may not be detected.
Fontconfig warning: Directory/file mtime in the future. New fonts may not be detected.
Fontconfig warning: Directory/file mtime in the future. New fonts may not be detected.
Fontconfig warning: Directory/file mtime in the future. New fonts may not be detected.
Fontconfig warning: Directory/file mtime in the future. New fonts may not be detected.
Fontconfig warning: Directory/file mtime in the future. New fonts may not be detected.
Fontconfig warning: Directory/file mtime in the future. New fonts may not be detected.
Fontconfig warning: Directory/file mtime in the future. New fonts may not be detected.
Fontconfig warning: Directory/file mtime in the future. New fonts may not be detected.
Fontconfig warning: Directory/file mtime in the future. New fonts may not be detected.
Fontconfig warning: Directory/file mtime in the future. New fonts may not be detected.
Fontconfig warning: Directory/file mtime in the future. New fonts may not be detected.
Fontconfig warning: Directory/file mtime in the future. New fonts may not be detected.
Fontconfig warning: Directory/file mtime in the future. New fonts may not be detected.
Fontconfig warning: Directory/file mtime in the future. New fonts may not be detected.
Fontconfig warning: Directory/file mtime in the future. New fonts may not be detected.
Fontconfig warning: Directory/file mtime in the future. New fonts may not be detected.
Fontconfig warning: Directory/file mtime in the future. New fonts may not be detected.
Fontconfig warning: Directory/file mtime in the future. New fonts may not be detected.
Fontconfig warning: Directory/file mtime in the future. New fonts may not be detected.
Fontconfig warning: Directory/file mtime in the future. New fonts may not be detected.
Fontconfig warning: Directory/file mtime in the future. New fonts may not be detected.
Fontconfig warning: Directory/file mtime in the future. New fonts may not be detected.
Fontconfig warning: Directory/file mtime in the future. New fonts may not be detected.
Fontconfig warning: Directory/file mtime in the future. New fonts may not be detected.
Fontconfig warning: Directory/file mtime in the future. New fonts may not be detected.
Fontconfig warning: Directory/file mtime in the future. New fonts may not be detected.
Fontconfig warning: Directory/file mtime in the future. New fonts may not be detected.
Fontconfig warning: Directory/file mtime in the future. New fonts may not be detected.
Fontconfig warning: Directory/file mtime in the future. New fonts may not be detected.
Fontconfig warning: Directory/file mtime in the future. New fonts may not be detected.
Fontconfig warning: Directory/file mtime in the future. New fonts may not be detected.
Fontconfig warning: Directory/file mtime in the future. New fonts may not be detected.
Fontconfig warning: Directory/file mtime in the future. New fonts may not be detected.
ERROR 2019-05-23 02:05:37 unity.settings UnitySettings.cpp:404 Invalid monitor index: -1. Returning index 0 monitor instead.
Fontconfig warning: Directory/file mtime in the future. New fonts may not be detected.
Fontconfig warning: Directory/file mtime in the future. New fonts may not be detected.
Fontconfig warning: Directory/file mtime in the future. New fonts may not be detected.
Fontconfig warning: Directory/file mtime in the future. New fonts may not be detected.
Fontconfig warning: Directory/file mtime in the future. New fonts may not be detected.
Fontconfig warning: Directory/file mtime in the future. New fonts may not be detected.
Fontconfig warning: Directory/file mtime in the future. New fonts may not be detected.
Fontconfig warning: Directory/file mtime in the future. New fonts may not be detected.
Fontconfig warning: Directory/file mtime in the future. New fonts may not be detected.
Fontconfig warning: Directory/file mtime in the future. New fonts may not be detected.
Fontconfig warning: Directory/file mtime in the future. New fonts may not be detected.
Fontconfig warning: Directory/file mtime in the future. New fonts may not be detected.
Fontconfig warning: Directory/file mtime in the future. New fonts may not be detected.
Fontconfig warning: Directory/file mtime in the future. New fonts may not be detected.
Fontconfig warning: Directory/file mtime in the future. New fonts may not be detected.
Fontconfig warning: Directory/file mtime in the future. New fonts may not be detected.
Fontconfig warning: Directory/file mtime in the future. New fonts may not be detected.
Fontconfig warning: Directory/file mtime in the future. New fonts may not be detected.
Fontconfig warning: Directory/file mtime in the future. New fonts may not be detected.
Fontconfig warning: Directory/file mtime in the future. New fonts may not be detected.
Fontconfig warning: Directory/file mtime in the future. New fonts may not be detected.
Fontconfig warning: Directory/file mtime in the future. New fonts may not be detected.
Fontconfig warning: Directory/file mtime in the future. New fonts may not be detected.
Fontconfig warning: Directory/file mtime in the future. New fonts may not be detected.
Fontconfig warning: Directory/file mtime in the future. New fonts may not be detected.
Fontconfig warning: Directory/file mtime in the future. New fonts may not be detected.
Fontconfig warning: Directory/file mtime in the future. New fonts may not be detected.
Fontconfig warning: Directory/file mtime in the future. New fonts may not be detected.
Fontconfig warning: Directory/file mtime in the future. New fonts may not be detected.
Fontconfig warning: Directory/file mtime in the future. New fonts may not be detected.
Fontconfig warning: Directory/file mtime in the future. New fonts may not be detected.
Fontconfig warning: Directory/file mtime in the future. New fonts may not be detected.
Fontconfig warning: Directory/file mtime in the future. New fonts may not be detected.
Fontconfig warning: Directory/file mtime in the future. New fonts may not be detected.
Fontconfig warning: Directory/file mtime in the future. New fonts may not be detected.
Fontconfig warning: Directory/file mtime in the future. New fonts may not be detected.
Fontconfig warning: Directory/file mtime in the future. New fonts may not be detected.
Fontconfig warning: Directory/file mtime in the future. New fonts may not be detected.
Fontconfig warning: Directory/file mtime in the future. New fonts may not be detected.
Fontconfig warning: Directory/file mtime in the future. New fonts may not be detected.
Fontconfig warning: Directory/file mtime in the future. New fonts may not be detected.
Fontconfig warning: Directory/file mtime in the future. New fonts may not be detected.
Fontconfig warning: Directory/file mtime in the future. New fonts may not be detected.
Fontconfig warning: Directory/file mtime in the future. New fonts may not be detected.
Fontconfig warning: Directory/file mtime in the future. New fonts may not be detected.
Fontconfig warning: Directory/file mtime in the future. New fonts may not be detected.
Fontconfig warning: Directory/file mtime in the future. New fonts may not be detected.
Fontconfig warning: Directory/file mtime in the future. New fonts may not be detected.
Fontconfig warning: Directory/file mtime in the future. New fonts may not be detected.
Fontconfig warning: Directory/file mtime in the future. New fonts may not be detected.
Fontconfig warning: Directory/file mtime in the future. New fonts may not be detected.
Fontconfig warning: Directory/file mtime in the future. New fonts may not be detected.
Fontconfig warning: Directory/file mtime in the future. New fonts may not be detected.
Fontconfig warning: Directory/file mtime in the future. New fonts may not be detected.
Fontconfig warning: Directory/file mtime in the future. New fonts may not be detected.
Fontconfig warning: Directory/file mtime in the future. New fonts may not be detected.
Fontconfig warning: Directory/file mtime in the future. New fonts may not be detected.
Fontconfig warning: Directory/file mtime in the future. New fonts may not be detected.
Fontconfig warning: Directory/file mtime in the future. New fonts may not be detected.
Fontconfig warning: Directory/file mtime in the future. New fonts may not be detected.
Fontconfig warning: Directory/file mtime in the future. New fonts may not be detected.
ERROR 2019-05-23 04:39:19 unity.settings UnitySettings.cpp:404 Invalid monitor index: -1. Returning index 0 monitor instead.
Fontconfig warning: Directory/file mtime in the future. New fonts may not be detected.
Fontconfig warning: Directory/file mtime in the future. New fonts may not be detected.
Fontconfig warning: Directory/file mtime in the future. New fonts may not be detected.
Fontconfig warning: Directory/file mtime in the future. New fonts may not be detected.
Fontconfig warning: Directory/file mtime in the future. New fonts may not be detected.
Fontconfig warning: Directory/file mtime in the future. New fonts may not be detected.
Fontconfig warning: Directory/file mtime in the future. New fonts may not be detected.
Fontconfig warning: Directory/file mtime in the future. New fonts may not be detected.
Fontconfig warning: Directory/file mtime in the future. New fonts may not be detected.
Fontconfig warning: Directory/file mtime in the future. New fonts may not be detected.
Fontconfig warning: Directory/file mtime in the future. New fonts may not be detected.
Fontconfig warning: Directory/file mtime in the future. New fonts may not be detected.
Fontconfig warning: Directory/file mtime in the future. New fonts may not be detected.
Fontconfig warning: Directory/file mtime in the future. New fonts may not be detected.
Fontconfig warning: Directory/file mtime in the future. New fonts may not be detected.
Fontconfig warning: Directory/file mtime in the future. New fonts may not be detected.
Fontconfig warning: Directory/file mtime in the future. New fonts may not be detected.
Fontconfig warning: Directory/file mtime in the future. New fonts may not be detected.
Fontconfig warning: Directory/file mtime in the future. New fonts may not be detected.
Fontconfig warning: Directory/file mtime in the future. New fonts may not be detected.
Fontconfig warning: Directory/file mtime in the future. New fonts may not be detected.
Fontconfig warning: Directory/file mtime in the future. New fonts may not be detected.
Fontconfig warning: Directory/file mtime in the future. New fonts may not be detected.
Fontconfig warning: Directory/file mtime in the future. New fonts may not be detected.
Fontconfig warning: Directory/file mtime in the future. New fonts may not be detected.
Fontconfig warning: Directory/file mtime in the future. New fonts may not be detected.
Fontconfig warning: Directory/file mtime in the future. New fonts may not be detected.
Fontconfig warning: Directory/file mtime in the future. New fonts may not be detected.
Fontconfig warning: Directory/file mtime in the future. New fonts may not be detected.
Fontconfig warning: Directory/file mtime in the future. New fonts may not be detected.
Fontconfig warning: Directory/file mtime in the future. New fonts may not be detected.
Fontconfig warning: Directory/file mtime in the future. New fonts may not be detected.
Fontconfig warning: Directory/file mtime in the future. New fonts may not be detected.
Fontconfig warning: Directory/file mtime in the future. New fonts may not be detected.
Fontconfig warning: Directory/file mtime in the future. New fonts may not be detected.
Fontconfig warning: Directory/file mtime in the future. New fonts may not be detected.
Fontconfig warning: Directory/file mtime in the future. New fonts may not be detected.
Fontconfig warning: Directory/file mtime in the future. New fonts may not be detected.
Fontconfig warning: Directory/file mtime in the future. New fonts may not be detected.
Fontconfig warning: Directory/file mtime in the future. New fonts may not be detected.
Fontconfig warning: Directory/file mtime in the future. New fonts may not be detected.
Fontconfig warning: Directory/file mtime in the future. New fonts may not be detected.
Fontconfig warning: Directory/file mtime in the future. New fonts may not be detected.
Fontconfig warning: Directory/file mtime in the future. New fonts may not be detected.
Fontconfig warning: Directory/file mtime in the future. New fonts may not be detected.
Fontconfig warning: Directory/file mtime in the future. New fonts may not be detected.
Fontconfig warning: Directory/file mtime in the future. New fonts may not be detected.
VMware: vmw_ioctl_fence_finish Failed
Fontconfig warning: Directory/file mtime in the future. New fonts may not be detected.
VMware: vmw_ioctl_fence_finish Failed
Fontconfig warning: Directory/file mtime in the future. New fonts may not be detected.
Fontconfig warning: Directory/file mtime in the future. New fonts may not be detected.
Fontconfig warning: Directory/file mtime in the future. New fonts may not be detected.
Fontconfig warning: Directory/file mtime in the future. New fonts may not be detected.
Fontconfig warning: Directory/file mtime in the future. New fonts may not be detected.
Fontconfig warning: Directory/file mtime in the future. New fonts may not be detected.
Fontconfig warning: Directory/file mtime in the future. New fonts may not be detected.
Fontconfig warning: Directory/file mtime in the future. New fonts may not be detected.
Fontconfig warning: Directory/file mtime in the future. New fonts may not be detected.
Fontconfig warning: Directory/file mtime in the future. New fonts may not be detected.
Fontconfig warning: Directory/file mtime in the future. New fonts may not be detected.
Fontconfig warning: Directory/file mtime in the future. New fonts may not be detected.
Fontconfig warning: Directory/file mtime in the future. New fonts may not be detected.
Fontconfig warning: Directory/file mtime in the future. New fonts may not be detected.
Fontconfig warning: Directory/file mtime in the future. New fonts may not be detected.
Fontconfig warning: Directory/file mtime in the future. New fonts may not be detected.
Fontconfig warning: Directory/file mtime in the future. New fonts may not be detected.
Fontconfig warning: Directory/file mtime in the future. New fonts may not be detected.
Fontconfig warning: Directory/file mtime in the future. New fonts may not be detected.
Fontconfig warning: Directory/file mtime in the future. New fonts may not be detected.
Fontconfig warning: Directory/file mtime in the future. New fonts may not be detected.
Fontconfig warning: Directory/file mtime in the future. New fonts may not be detected.
Fontconfig warning: Directory/file mtime in the future. New fonts may not be detected.
Fontconfig warning: Directory/file mtime in the future. New fonts may not be detected.
Fontconfig warning: Directory/file mtime in the future. New fonts may not be detected.
Fontconfig warning: Directory/file mtime in the future. New fonts may not be detected.
Fontconfig warning: Directory/file mtime in the future. New fonts may not be detected.
Fontconfig warning: Directory/file mtime in the future. New fonts may not be detected.
Fontconfig warning: Directory/file mtime in the future. New fonts may not be detected.
Fontconfig warning: Directory/file mtime in the future. New fonts may not be detected.
Fontconfig warning: Directory/file mtime in the future. New fonts may not be detected.
Fontconfig warning: Directory/file mtime in the future. New fonts may not be detected.
Fontconfig warning: Directory/file mtime in the future. New fonts may not be detected.
Fontconfig warning: Directory/file mtime in the future. New fonts may not be detected.
Fontconfig warning: Directory/file mtime in the future. New fonts may not be detected.
Fontconfig warning: Directory/file mtime in the future. New fonts may not be detected.
Fontconfig warning: Directory/file mtime in the future. New fonts may not be detected.
Fontconfig warning: Directory/file mtime in the future. New fonts may not be detected.
Fontconfig warning: Directory/file mtime in the future. New fonts may not be detected.
Fontconfig warning: Directory/file mtime in the future. New fonts may not be detected.
Fontconfig warning: Directory/file mtime in the future. New fonts may not be detected.
Fontconfig warning: Directory/file mtime in the future. New fonts may not be detected.
Fontconfig warning: Directory/file mtime in the future. New fonts may not be detected.
Fontconfig warning: Directory/file mtime in the future. New fonts may not be detected.
Fontconfig warning: Directory/file mtime in the future. New fonts may not be detected.
Fontconfig warning: Directory/file mtime in the future. New fonts may not be detected.
Fontconfig warning: Directory/file mtime in the future. New fonts may not be detected.
Fontconfig warning: Directory/file mtime in the future. New fonts may not be detected.
Fontconfig warning: Directory/file mtime in the future. New fonts may not be detected.
Fontconfig warning: Directory/file mtime in the future. New fonts may not be detected.
Fontconfig warning: Directory/file mtime in the future. New fonts may not be detected.
Fontconfig warning: Directory/file mtime in the future. New fonts may not be detected.
Fontconfig warning: Directory/file mtime in the future. New fonts may not be detected.
Fontconfig warning: Directory/file mtime in the future. New fonts may not be detected.
Fontconfig warning: Directory/file mtime in the future. New fonts may not be detected.
Fontconfig warning: Directory/file mtime in the future. New fonts may not be detected.
Fontconfig warning: Directory/file mtime in the future. New fonts may not be detected.
Fontconfig warning: Directory/file mtime in the future. New fonts may not be detected.
Fontconfig warning: Directory/file mtime in the future. New fonts may not be detected.
Fontconfig warning: Directory/file mtime in the future. New fonts may not be detected.
Fontconfig warning: Directory/file mtime in the future. New fonts may not be detected.
Fontconfig warning: Directory/file mtime in the future. New fonts may not be detected.
Fontconfig warning: Directory/file mtime in the future. New fonts may not be detected.

###!!! [Parent][RunMessage] Error: Channel error: cannot send/recv


###!!! [Parent][RunMessage] Error: Channel error: cannot send/recv

Fontconfig warning: Directory/file mtime in the future. New fonts may not be detected.
Fontconfig warning: Directory/file mtime in the future. New fonts may not be detected.
Fontconfig warning: Directory/file mtime in the future. New fonts may not be detected.
Fontconfig warning: Directory/file mtime in the future. New fonts may not be detected.
Fontconfig warning: Directory/file mtime in the future. New fonts may not be detected.
Fontconfig warning: Directory/file mtime in the future. New fonts may not be detected.
Fontconfig warning: Directory/file mtime in the future. New fonts may not be detected.
Fontconfig warning: Directory/file mtime in the future. New fonts may not be detected.
Fontconfig warning: Directory/file mtime in the future. New fonts may not be detected.
Fontconfig warning: Directory/file mtime in the future. New fonts may not be detected.
Fontconfig warning: Directory/file mtime in the future. New fonts may not be detected.
Fontconfig warning: Directory/file mtime in the future. New fonts may not be detected.
Fontconfig warning: Directory/file mtime in the future. New fonts may not be detected.
Fontconfig warning: Directory/file mtime in the future. New fonts may not be detected.
Fontconfig warning: Directory/file mtime in the future. New fonts may not be detected.
Fontconfig warning: Directory/file mtime in the future. New fonts may not be detected.
Fontconfig warning: Directory/file mtime in the future. New fonts may not be detected.
Fontconfig warning: Directory/file mtime in the future. New fonts may not be detected.
Fontconfig warning: Directory/file mtime in the future. New fonts may not be detected.
Fontconfig warning: Directory/file mtime in the future. New fonts may not be detected.
Fontconfig warning: Directory/file mtime in the future. New fonts may not be detected.
Fontconfig warning: Directory/file mtime in the future. New fonts may not be detected.
Fontconfig warning: Directory/file mtime in the future. New fonts may not be detected.
Fontconfig warning: Directory/file mtime in the future. New fonts may not be detected.
Fontconfig warning: Directory/file mtime in the future. New fonts may not be detected.
Fontconfig warning: Directory/file mtime in the future. New fonts may not be detected.
Fontconfig warning: Directory/file mtime in the future. New fonts may not be detected.
Fontconfig warning: Directory/file mtime in the future. New fonts may not be detected.
Fontconfig warning: Directory/file mtime in the future. New fonts may not be detected.
Fontconfig warning: Directory/file mtime in the future. New fonts may not be detected.
